#
# A fatal error has been detected by the Java Runtime Environment:
#
#  Internal Error (./open/src/hotspot/share/interpreter/oopMapCache.cpp:111), pid=56584, tid=60000
#  Error: ShouldNotReachHere()
#
# JRE version: OpenJDK Runtime Environment (14.0.2+12) (build 14.0.2+12-46)
# Java VM: OpenJDK 64-Bit Server VM (14.0.2+12-46, mixed mode, tiered, compressed oops, g1 gc, windows-amd64)
# No core dump will be written. Minidumps are not enabled by default on client versions of Windows
#
# If you would like to submit a bug report, please visit:
#   https://bugreport.java.com/bugreport/crash.jsp
#

---------------  S U M M A R Y ------------

Command Line: -XX:+ShowCodeDetailsInExceptionMessages -agentlib:jdwp=transport=dt_socket,suspend=y,address=localhost:57429 -javaagent:C:\Users\sehee\eclipse\java-2020-09\eclipse\configuration\org.eclipse.osgi\215\0\.cp\lib\javaagent-shaded.jar -Dfile.encoding=Cp1252 --module-path=D:\SEHEE\003_공부\004_Ensign\CS 105\Workspace\Final\bin -Djdk.module.main=Final Final/Final.FinalExam02_01

Host: Intel(R) Core(TM) i5-7200U CPU @ 2.50GHz, 4 cores, 7G,  Windows 10 , 64 bit Build 18362 (10.0.18362.1110)
Time: Tue Dec 15 02:24:27 2020 ´eCN¹I±¹ C￥AØ½A elapsed time: 1767 seconds (0d 0h 29m 27s)

---------------  T H R E A D  ---------------

Current thread (0x0000027f37ae9000):  JavaThread "JDWP Transport Listener: dt_socket" daemon [_thread_in_vm, id=60000, stack(0x0000008daaa00000,0x0000008daab00000)] _threads_hazard_ptr=0x0000027f37cd7990

Stack: [0x0000008daaa00000,0x0000008daab00000]
Native frames: (J=compiled Java code, j=interpreted, Vv=VM code, C=native code)
V  [jvm.dll+0x5f8a9a]
V  [jvm.dll+0x74247a]
V  [jvm.dll+0x743c2f]
V  [jvm.dll+0x744227]
V  [jvm.dll+0x20d20c]
V  [jvm.dll+0x20d173]
V  [jvm.dll+0x5e7b7f]
V  [jvm.dll+0x5e78dd]
V  [jvm.dll+0x5af8e3]
V  [jvm.dll+0x739aef]
V  [jvm.dll+0x4bee61]
V  [jvm.dll+0x74908b]
V  [jvm.dll+0x4a54ee]
V  [jvm.dll+0x46ee7b]
C  [jdwp.dll+0x7bbc]


---------------  P R O C E S S  ---------------

Threads class SMR info:
_java_thread_list=0x0000027f37cd7990, length=14, elements={
0x0000027f1d222000, 0x0000027f36f6e800, 0x0000027f37782000, 0x0000027f37794800,
0x0000027f37797000, 0x0000027f37799000, 0x0000027f377c7800, 0x0000027f37844000,
0x0000027f37847000, 0x0000027f36eff000, 0x0000027f37ae9000, 0x0000027f37a53800,
0x0000027f37a54800, 0x0000027f37cfd800
}

Java Threads: ( => current thread )
  0x0000027f1d222000 JavaThread "main" [_thread_blocked, id=58728, stack(0x0000008da9a00000,0x0000008da9b00000)]
  0x0000027f36f6e800 JavaThread "Reference Handler" daemon [_thread_blocked, id=54844, stack(0x0000008daa100000,0x0000008daa200000)]
  0x0000027f37782000 JavaThread "Finalizer" daemon [_thread_blocked, id=58640, stack(0x0000008daa200000,0x0000008daa300000)]
  0x0000027f37794800 JavaThread "Signal Dispatcher" daemon [_thread_blocked, id=49540, stack(0x0000008daa300000,0x0000008daa400000)]
  0x0000027f37797000 JavaThread "Attach Listener" daemon [_thread_blocked, id=51028, stack(0x0000008daa400000,0x0000008daa500000)]
  0x0000027f37799000 JavaThread "Service Thread" daemon [_thread_blocked, id=62204, stack(0x0000008daa500000,0x0000008daa600000)]
  0x0000027f377c7800 JavaThread "C2 CompilerThread0" daemon [_thread_blocked, id=60288, stack(0x0000008daa600000,0x0000008daa700000)]
  0x0000027f37844000 JavaThread "C1 CompilerThread0" daemon [_thread_blocked, id=60628, stack(0x0000008daa700000,0x0000008daa800000)]
  0x0000027f37847000 JavaThread "Sweeper thread" daemon [_thread_blocked, id=45256, stack(0x0000008daa800000,0x0000008daa900000)]
  0x0000027f36eff000 JavaThread "Common-Cleaner" daemon [_thread_blocked, id=56384, stack(0x0000008daa900000,0x0000008daaa00000)]
=>0x0000027f37ae9000 JavaThread "JDWP Transport Listener: dt_socket" daemon [_thread_in_vm, id=60000, stack(0x0000008daaa00000,0x0000008daab00000)] _threads_hazard_ptr=0x0000027f37cd7990
  0x0000027f37a53800 JavaThread "JDWP Event Helper Thread" daemon [_thread_blocked, id=57700, stack(0x0000008daab00000,0x0000008daac00000)]
  0x0000027f37a54800 JavaThread "JDWP Command Reader" daemon [_thread_in_native, id=51000, stack(0x0000008daac00000,0x0000008daad00000)]
  0x0000027f37cfd800 JavaThread "Notification Thread" daemon [_thread_blocked, id=60388, stack(0x0000008daad00000,0x0000008daae00000)]

Other Threads:
  0x0000027f37779800 VMThread "VM Thread" [stack: 0x0000008daa000000,0x0000008daa100000] [id=62444]
  0x0000027f37c87800 WatcherThread [stack: 0x0000008daae00000,0x0000008daaf00000] [id=54004]
  0x0000027f1d266800 GCTaskThread "GC Thread#0" [stack: 0x0000008da9b00000,0x0000008da9c00000] [id=62192]
  0x0000027f1d278000 ConcurrentGCThread "G1 Main Marker" [stack: 0x0000008da9c00000,0x0000008da9d00000] [id=57512]
  0x0000027f1d27a000 ConcurrentGCThread "G1 Conc#0" [stack: 0x0000008da9d00000,0x0000008da9e00000] [id=53008]
  0x0000027f36d83800 ConcurrentGCThread "G1 Refine#0" [stack: 0x0000008da9e00000,0x0000008da9f00000] [id=61100]
  0x0000027f36d84000 ConcurrentGCThread "G1 Young RemSet Sampling" [stack: 0x0000008da9f00000,0x0000008daa000000] [id=55084]

Threads with active compile tasks:

VM state:not at safepoint (normal execution)

VM Mutex/Monitor currently owned by a thread: None

Heap address: 0x0000000081400000, size: 2028 MB, Compressed Oops mode: 32-bit
Narrow klass base: 0x0000000000000000, Narrow klass shift: 3
Compressed class space size: 1073741824 Address: 0x0000000100000000

Heap:
 garbage-first heap   total 131072K, used 6144K [0x0000000081400000, 0x0000000100000000)
  region size 1024K, 7 young (7168K), 0 survivors (0K)
 Metaspace       used 10458K, capacity 10607K, committed 10752K, reserved 1058816K
  class space    used 949K, capacity 1000K, committed 1024K, reserved 1048576K
Heap Regions: E=young(eden), S=young(survivor), O=old, HS=humongous(starts), HC=humongous(continues), CS=collection set, F=free, OA=open archive, CA=closed archive, TAMS=top-at-mark-start (previous, next)
|   0|0x0000000081400000, 0x0000000081400000, 0x0000000081500000|  0%| F|  |TAMS 0x0000000081400000, 0x0000000081400000| Untracked 
|   1|0x0000000081500000, 0x0000000081500000, 0x0000000081600000|  0%| F|  |TAMS 0x0000000081500000, 0x0000000081500000| Untracked 
|   2|0x0000000081600000, 0x0000000081600000, 0x0000000081700000|  0%| F|  |TAMS 0x0000000081600000, 0x0000000081600000| Untracked 
|   3|0x0000000081700000, 0x0000000081700000, 0x0000000081800000|  0%| F|  |TAMS 0x0000000081700000, 0x0000000081700000| Untracked 
|   4|0x0000000081800000, 0x0000000081800000, 0x0000000081900000|  0%| F|  |TAMS 0x0000000081800000, 0x0000000081800000| Untracked 
|   5|0x0000000081900000, 0x0000000081900000, 0x0000000081a00000|  0%| F|  |TAMS 0x0000000081900000, 0x0000000081900000| Untracked 
|   6|0x0000000081a00000, 0x0000000081a00000, 0x0000000081b00000|  0%| F|  |TAMS 0x0000000081a00000, 0x0000000081a00000| Untracked 
|   7|0x0000000081b00000, 0x0000000081b00000, 0x0000000081c00000|  0%| F|  |TAMS 0x0000000081b00000, 0x0000000081b00000| Untracked 
|   8|0x0000000081c00000, 0x0000000081c00000, 0x0000000081d00000|  0%| F|  |TAMS 0x0000000081c00000, 0x0000000081c00000| Untracked 
|   9|0x0000000081d00000, 0x0000000081d00000, 0x0000000081e00000|  0%| F|  |TAMS 0x0000000081d00000, 0x0000000081d00000| Untracked 
|  10|0x0000000081e00000, 0x0000000081e00000, 0x0000000081f00000|  0%| F|  |TAMS 0x0000000081e00000, 0x0000000081e00000| Untracked 
|  11|0x0000000081f00000, 0x0000000081f00000, 0x0000000082000000|  0%| F|  |TAMS 0x0000000081f00000, 0x0000000081f00000| Untracked 
|  12|0x0000000082000000, 0x0000000082000000, 0x0000000082100000|  0%| F|  |TAMS 0x0000000082000000, 0x0000000082000000| Untracked 
|  13|0x0000000082100000, 0x0000000082100000, 0x0000000082200000|  0%| F|  |TAMS 0x0000000082100000, 0x0000000082100000| Untracked 
|  14|0x0000000082200000, 0x0000000082200000, 0x0000000082300000|  0%| F|  |TAMS 0x0000000082200000, 0x0000000082200000| Untracked 
|  15|0x0000000082300000, 0x0000000082300000, 0x0000000082400000|  0%| F|  |TAMS 0x0000000082300000, 0x0000000082300000| Untracked 
|  16|0x0000000082400000, 0x0000000082400000, 0x0000000082500000|  0%| F|  |TAMS 0x0000000082400000, 0x0000000082400000| Untracked 
|  17|0x0000000082500000, 0x0000000082500000, 0x0000000082600000|  0%| F|  |TAMS 0x0000000082500000, 0x0000000082500000| Untracked 
|  18|0x0000000082600000, 0x0000000082600000, 0x0000000082700000|  0%| F|  |TAMS 0x0000000082600000, 0x0000000082600000| Untracked 
|  19|0x0000000082700000, 0x0000000082700000, 0x0000000082800000|  0%| F|  |TAMS 0x0000000082700000, 0x0000000082700000| Untracked 
|  20|0x0000000082800000, 0x0000000082800000, 0x0000000082900000|  0%| F|  |TAMS 0x0000000082800000, 0x0000000082800000| Untracked 
|  21|0x0000000082900000, 0x0000000082900000, 0x0000000082a00000|  0%| F|  |TAMS 0x0000000082900000, 0x0000000082900000| Untracked 
|  22|0x0000000082a00000, 0x0000000082a00000, 0x0000000082b00000|  0%| F|  |TAMS 0x0000000082a00000, 0x0000000082a00000| Untracked 
|  23|0x0000000082b00000, 0x0000000082b00000, 0x0000000082c00000|  0%| F|  |TAMS 0x0000000082b00000, 0x0000000082b00000| Untracked 
|  24|0x0000000082c00000, 0x0000000082c00000, 0x0000000082d00000|  0%| F|  |TAMS 0x0000000082c00000, 0x0000000082c00000| Untracked 
|  25|0x0000000082d00000, 0x0000000082d00000, 0x0000000082e00000|  0%| F|  |TAMS 0x0000000082d00000, 0x0000000082d00000| Untracked 
|  26|0x0000000082e00000, 0x0000000082e00000, 0x0000000082f00000|  0%| F|  |TAMS 0x0000000082e00000, 0x0000000082e00000| Untracked 
|  27|0x0000000082f00000, 0x0000000082f00000, 0x0000000083000000|  0%| F|  |TAMS 0x0000000082f00000, 0x0000000082f00000| Untracked 
|  28|0x0000000083000000, 0x0000000083000000, 0x0000000083100000|  0%| F|  |TAMS 0x0000000083000000, 0x0000000083000000| Untracked 
|  29|0x0000000083100000, 0x0000000083100000, 0x0000000083200000|  0%| F|  |TAMS 0x0000000083100000, 0x0000000083100000| Untracked 
|  30|0x0000000083200000, 0x0000000083200000, 0x0000000083300000|  0%| F|  |TAMS 0x0000000083200000, 0x0000000083200000| Untracked 
|  31|0x0000000083300000, 0x0000000083300000, 0x0000000083400000|  0%| F|  |TAMS 0x0000000083300000, 0x0000000083300000| Untracked 
|  32|0x0000000083400000, 0x0000000083400000, 0x0000000083500000|  0%| F|  |TAMS 0x0000000083400000, 0x0000000083400000| Untracked 
|  33|0x0000000083500000, 0x0000000083500000, 0x0000000083600000|  0%| F|  |TAMS 0x0000000083500000, 0x0000000083500000| Untracked 
|  34|0x0000000083600000, 0x0000000083600000, 0x0000000083700000|  0%| F|  |TAMS 0x0000000083600000, 0x0000000083600000| Untracked 
|  35|0x0000000083700000, 0x0000000083700000, 0x0000000083800000|  0%| F|  |TAMS 0x0000000083700000, 0x0000000083700000| Untracked 
|  36|0x0000000083800000, 0x0000000083800000, 0x0000000083900000|  0%| F|  |TAMS 0x0000000083800000, 0x0000000083800000| Untracked 
|  37|0x0000000083900000, 0x0000000083900000, 0x0000000083a00000|  0%| F|  |TAMS 0x0000000083900000, 0x0000000083900000| Untracked 
|  38|0x0000000083a00000, 0x0000000083a00000, 0x0000000083b00000|  0%| F|  |TAMS 0x0000000083a00000, 0x0000000083a00000| Untracked 
|  39|0x0000000083b00000, 0x0000000083b00000, 0x0000000083c00000|  0%| F|  |TAMS 0x0000000083b00000, 0x0000000083b00000| Untracked 
|  40|0x0000000083c00000, 0x0000000083c00000, 0x0000000083d00000|  0%| F|  |TAMS 0x0000000083c00000, 0x0000000083c00000| Untracked 
|  41|0x0000000083d00000, 0x0000000083d00000, 0x0000000083e00000|  0%| F|  |TAMS 0x0000000083d00000, 0x0000000083d00000| Untracked 
|  42|0x0000000083e00000, 0x0000000083e00000, 0x0000000083f00000|  0%| F|  |TAMS 0x0000000083e00000, 0x0000000083e00000| Untracked 
|  43|0x0000000083f00000, 0x0000000083f00000, 0x0000000084000000|  0%| F|  |TAMS 0x0000000083f00000, 0x0000000083f00000| Untracked 
|  44|0x0000000084000000, 0x0000000084000000, 0x0000000084100000|  0%| F|  |TAMS 0x0000000084000000, 0x0000000084000000| Untracked 
|  45|0x0000000084100000, 0x0000000084100000, 0x0000000084200000|  0%| F|  |TAMS 0x0000000084100000, 0x0000000084100000| Untracked 
|  46|0x0000000084200000, 0x0000000084200000, 0x0000000084300000|  0%| F|  |TAMS 0x0000000084200000, 0x0000000084200000| Untracked 
|  47|0x0000000084300000, 0x0000000084300000, 0x0000000084400000|  0%| F|  |TAMS 0x0000000084300000, 0x0000000084300000| Untracked 
|  48|0x0000000084400000, 0x0000000084400000, 0x0000000084500000|  0%| F|  |TAMS 0x0000000084400000, 0x0000000084400000| Untracked 
|  49|0x0000000084500000, 0x0000000084500000, 0x0000000084600000|  0%| F|  |TAMS 0x0000000084500000, 0x0000000084500000| Untracked 
|  50|0x0000000084600000, 0x0000000084600000, 0x0000000084700000|  0%| F|  |TAMS 0x0000000084600000, 0x0000000084600000| Untracked 
|  51|0x0000000084700000, 0x0000000084700000, 0x0000000084800000|  0%| F|  |TAMS 0x0000000084700000, 0x0000000084700000| Untracked 
|  52|0x0000000084800000, 0x0000000084800000, 0x0000000084900000|  0%| F|  |TAMS 0x0000000084800000, 0x0000000084800000| Untracked 
|  53|0x0000000084900000, 0x0000000084900000, 0x0000000084a00000|  0%| F|  |TAMS 0x0000000084900000, 0x0000000084900000| Untracked 
|  54|0x0000000084a00000, 0x0000000084a00000, 0x0000000084b00000|  0%| F|  |TAMS 0x0000000084a00000, 0x0000000084a00000| Untracked 
|  55|0x0000000084b00000, 0x0000000084b00000, 0x0000000084c00000|  0%| F|  |TAMS 0x0000000084b00000, 0x0000000084b00000| Untracked 
|  56|0x0000000084c00000, 0x0000000084c00000, 0x0000000084d00000|  0%| F|  |TAMS 0x0000000084c00000, 0x0000000084c00000| Untracked 
|  57|0x0000000084d00000, 0x0000000084d00000, 0x0000000084e00000|  0%| F|  |TAMS 0x0000000084d00000, 0x0000000084d00000| Untracked 
|  58|0x0000000084e00000, 0x0000000084e00000, 0x0000000084f00000|  0%| F|  |TAMS 0x0000000084e00000, 0x0000000084e00000| Untracked 
|  59|0x0000000084f00000, 0x0000000084f00000, 0x0000000085000000|  0%| F|  |TAMS 0x0000000084f00000, 0x0000000084f00000| Untracked 
|  60|0x0000000085000000, 0x0000000085000000, 0x0000000085100000|  0%| F|  |TAMS 0x0000000085000000, 0x0000000085000000| Untracked 
|  61|0x0000000085100000, 0x0000000085100000, 0x0000000085200000|  0%| F|  |TAMS 0x0000000085100000, 0x0000000085100000| Untracked 
|  62|0x0000000085200000, 0x0000000085200000, 0x0000000085300000|  0%| F|  |TAMS 0x0000000085200000, 0x0000000085200000| Untracked 
|  63|0x0000000085300000, 0x0000000085300000, 0x0000000085400000|  0%| F|  |TAMS 0x0000000085300000, 0x0000000085300000| Untracked 
|  64|0x0000000085400000, 0x0000000085400000, 0x0000000085500000|  0%| F|  |TAMS 0x0000000085400000, 0x0000000085400000| Untracked 
|  65|0x0000000085500000, 0x0000000085500000, 0x0000000085600000|  0%| F|  |TAMS 0x0000000085500000, 0x0000000085500000| Untracked 
|  66|0x0000000085600000, 0x0000000085600000, 0x0000000085700000|  0%| F|  |TAMS 0x0000000085600000, 0x0000000085600000| Untracked 
|  67|0x0000000085700000, 0x0000000085700000, 0x0000000085800000|  0%| F|  |TAMS 0x0000000085700000, 0x0000000085700000| Untracked 
|  68|0x0000000085800000, 0x0000000085800000, 0x0000000085900000|  0%| F|  |TAMS 0x0000000085800000, 0x0000000085800000| Untracked 
|  69|0x0000000085900000, 0x0000000085900000, 0x0000000085a00000|  0%| F|  |TAMS 0x0000000085900000, 0x0000000085900000| Untracked 
|  70|0x0000000085a00000, 0x0000000085a00000, 0x0000000085b00000|  0%| F|  |TAMS 0x0000000085a00000, 0x0000000085a00000| Untracked 
|  71|0x0000000085b00000, 0x0000000085b00000, 0x0000000085c00000|  0%| F|  |TAMS 0x0000000085b00000, 0x0000000085b00000| Untracked 
|  72|0x0000000085c00000, 0x0000000085c00000, 0x0000000085d00000|  0%| F|  |TAMS 0x0000000085c00000, 0x0000000085c00000| Untracked 
|  73|0x0000000085d00000, 0x0000000085d00000, 0x0000000085e00000|  0%| F|  |TAMS 0x0000000085d00000, 0x0000000085d00000| Untracked 
|  74|0x0000000085e00000, 0x0000000085e00000, 0x0000000085f00000|  0%| F|  |TAMS 0x0000000085e00000, 0x0000000085e00000| Untracked 
|  75|0x0000000085f00000, 0x0000000085f00000, 0x0000000086000000|  0%| F|  |TAMS 0x0000000085f00000, 0x0000000085f00000| Untracked 
|  76|0x0000000086000000, 0x0000000086000000, 0x0000000086100000|  0%| F|  |TAMS 0x0000000086000000, 0x0000000086000000| Untracked 
|  77|0x0000000086100000, 0x0000000086100000, 0x0000000086200000|  0%| F|  |TAMS 0x0000000086100000, 0x0000000086100000| Untracked 
|  78|0x0000000086200000, 0x0000000086200000, 0x0000000086300000|  0%| F|  |TAMS 0x0000000086200000, 0x0000000086200000| Untracked 
|  79|0x0000000086300000, 0x0000000086300000, 0x0000000086400000|  0%| F|  |TAMS 0x0000000086300000, 0x0000000086300000| Untracked 
|  80|0x0000000086400000, 0x0000000086400000, 0x0000000086500000|  0%| F|  |TAMS 0x0000000086400000, 0x0000000086400000| Untracked 
|  81|0x0000000086500000, 0x0000000086500000, 0x0000000086600000|  0%| F|  |TAMS 0x0000000086500000, 0x0000000086500000| Untracked 
|  82|0x0000000086600000, 0x0000000086600000, 0x0000000086700000|  0%| F|  |TAMS 0x0000000086600000, 0x0000000086600000| Untracked 
|  83|0x0000000086700000, 0x0000000086700000, 0x0000000086800000|  0%| F|  |TAMS 0x0000000086700000, 0x0000000086700000| Untracked 
|  84|0x0000000086800000, 0x0000000086800000, 0x0000000086900000|  0%| F|  |TAMS 0x0000000086800000, 0x0000000086800000| Untracked 
|  85|0x0000000086900000, 0x0000000086900000, 0x0000000086a00000|  0%| F|  |TAMS 0x0000000086900000, 0x0000000086900000| Untracked 
|  86|0x0000000086a00000, 0x0000000086a00000, 0x0000000086b00000|  0%| F|  |TAMS 0x0000000086a00000, 0x0000000086a00000| Untracked 
|  87|0x0000000086b00000, 0x0000000086b00000, 0x0000000086c00000|  0%| F|  |TAMS 0x0000000086b00000, 0x0000000086b00000| Untracked 
|  88|0x0000000086c00000, 0x0000000086c00000, 0x0000000086d00000|  0%| F|  |TAMS 0x0000000086c00000, 0x0000000086c00000| Untracked 
|  89|0x0000000086d00000, 0x0000000086d00000, 0x0000000086e00000|  0%| F|  |TAMS 0x0000000086d00000, 0x0000000086d00000| Untracked 
|  90|0x0000000086e00000, 0x0000000086e00000, 0x0000000086f00000|  0%| F|  |TAMS 0x0000000086e00000, 0x0000000086e00000| Untracked 
|  91|0x0000000086f00000, 0x0000000086f00000, 0x0000000087000000|  0%| F|  |TAMS 0x0000000086f00000, 0x0000000086f00000| Untracked 
|  92|0x0000000087000000, 0x0000000087000000, 0x0000000087100000|  0%| F|  |TAMS 0x0000000087000000, 0x0000000087000000| Untracked 
|  93|0x0000000087100000, 0x0000000087100000, 0x0000000087200000|  0%| F|  |TAMS 0x0000000087100000, 0x0000000087100000| Untracked 
|  94|0x0000000087200000, 0x0000000087200000, 0x0000000087300000|  0%| F|  |TAMS 0x0000000087200000, 0x0000000087200000| Untracked 
|  95|0x0000000087300000, 0x0000000087300000, 0x0000000087400000|  0%| F|  |TAMS 0x0000000087300000, 0x0000000087300000| Untracked 
|  96|0x0000000087400000, 0x0000000087400000, 0x0000000087500000|  0%| F|  |TAMS 0x0000000087400000, 0x0000000087400000| Untracked 
|  97|0x0000000087500000, 0x0000000087500000, 0x0000000087600000|  0%| F|  |TAMS 0x0000000087500000, 0x0000000087500000| Untracked 
|  98|0x0000000087600000, 0x0000000087600000, 0x0000000087700000|  0%| F|  |TAMS 0x0000000087600000, 0x0000000087600000| Untracked 
|  99|0x0000000087700000, 0x0000000087700000, 0x0000000087800000|  0%| F|  |TAMS 0x0000000087700000, 0x0000000087700000| Untracked 
| 100|0x0000000087800000, 0x0000000087800000, 0x0000000087900000|  0%| F|  |TAMS 0x0000000087800000, 0x0000000087800000| Untracked 
| 101|0x0000000087900000, 0x0000000087900000, 0x0000000087a00000|  0%| F|  |TAMS 0x0000000087900000, 0x0000000087900000| Untracked 
| 102|0x0000000087a00000, 0x0000000087a00000, 0x0000000087b00000|  0%| F|  |TAMS 0x0000000087a00000, 0x0000000087a00000| Untracked 
| 103|0x0000000087b00000, 0x0000000087b00000, 0x0000000087c00000|  0%| F|  |TAMS 0x0000000087b00000, 0x0000000087b00000| Untracked 
| 104|0x0000000087c00000, 0x0000000087c00000, 0x0000000087d00000|  0%| F|  |TAMS 0x0000000087c00000, 0x0000000087c00000| Untracked 
| 105|0x0000000087d00000, 0x0000000087d00000, 0x0000000087e00000|  0%| F|  |TAMS 0x0000000087d00000, 0x0000000087d00000| Untracked 
| 106|0x0000000087e00000, 0x0000000087e00000, 0x0000000087f00000|  0%| F|  |TAMS 0x0000000087e00000, 0x0000000087e00000| Untracked 
| 107|0x0000000087f00000, 0x0000000087f00000, 0x0000000088000000|  0%| F|  |TAMS 0x0000000087f00000, 0x0000000087f00000| Untracked 
| 108|0x0000000088000000, 0x0000000088000000, 0x0000000088100000|  0%| F|  |TAMS 0x0000000088000000, 0x0000000088000000| Untracked 
| 109|0x0000000088100000, 0x0000000088100000, 0x0000000088200000|  0%| F|  |TAMS 0x0000000088100000, 0x0000000088100000| Untracked 
| 110|0x0000000088200000, 0x0000000088200000, 0x0000000088300000|  0%| F|  |TAMS 0x0000000088200000, 0x0000000088200000| Untracked 
| 111|0x0000000088300000, 0x0000000088300000, 0x0000000088400000|  0%| F|  |TAMS 0x0000000088300000, 0x0000000088300000| Untracked 
| 112|0x0000000088400000, 0x0000000088400000, 0x0000000088500000|  0%| F|  |TAMS 0x0000000088400000, 0x0000000088400000| Untracked 
| 113|0x0000000088500000, 0x0000000088500000, 0x0000000088600000|  0%| F|  |TAMS 0x0000000088500000, 0x0000000088500000| Untracked 
| 114|0x0000000088600000, 0x0000000088600000, 0x0000000088700000|  0%| F|  |TAMS 0x0000000088600000, 0x0000000088600000| Untracked 
| 115|0x0000000088700000, 0x0000000088700000, 0x0000000088800000|  0%| F|  |TAMS 0x0000000088700000, 0x0000000088700000| Untracked 
| 116|0x0000000088800000, 0x0000000088800000, 0x0000000088900000|  0%| F|  |TAMS 0x0000000088800000, 0x0000000088800000| Untracked 
| 117|0x0000000088900000, 0x0000000088900000, 0x0000000088a00000|  0%| F|  |TAMS 0x0000000088900000, 0x0000000088900000| Untracked 
| 118|0x0000000088a00000, 0x0000000088a00000, 0x0000000088b00000|  0%| F|  |TAMS 0x0000000088a00000, 0x0000000088a00000| Untracked 
| 119|0x0000000088b00000, 0x0000000088b00000, 0x0000000088c00000|  0%| F|  |TAMS 0x0000000088b00000, 0x0000000088b00000| Untracked 
| 120|0x0000000088c00000, 0x0000000088c00000, 0x0000000088d00000|  0%| F|  |TAMS 0x0000000088c00000, 0x0000000088c00000| Untracked 
| 121|0x0000000088d00000, 0x0000000088d85e20, 0x0000000088e00000| 52%| E|  |TAMS 0x0000000088d00000, 0x0000000088d00000| Complete 
| 122|0x0000000088e00000, 0x0000000088f00000, 0x0000000088f00000|100%| E|CS|TAMS 0x0000000088e00000, 0x0000000088e00000| Complete 
| 123|0x0000000088f00000, 0x0000000089000000, 0x0000000089000000|100%| E|CS|TAMS 0x0000000088f00000, 0x0000000088f00000| Complete 
| 124|0x0000000089000000, 0x0000000089100000, 0x0000000089100000|100%| E|CS|TAMS 0x0000000089000000, 0x0000000089000000| Complete 
| 125|0x0000000089100000, 0x0000000089200000, 0x0000000089200000|100%| E|CS|TAMS 0x0000000089100000, 0x0000000089100000| Complete 
| 126|0x0000000089200000, 0x0000000089300000, 0x0000000089300000|100%| E|CS|TAMS 0x0000000089200000, 0x0000000089200000| Complete 
| 127|0x0000000089300000, 0x0000000089400000, 0x0000000089400000|100%| E|CS|TAMS 0x0000000089300000, 0x0000000089300000| Complete 

Card table byte_map: [0x0000027f302e0000,0x0000027f306e0000] _byte_map_base: 0x0000027f2fed6000

Marking Bits (Prev, Next): (CMBitMap*) 0x0000027f1d267458, (CMBitMap*) 0x0000027f1d267498
 Prev Bits: [0x0000027f30ae0000, 0x0000027f32a90000)
 Next Bits: [0x0000027f32a90000, 0x0000027f34a40000)

Polling page: 0x0000027f1b220000

Metaspace:

Usage:
  Non-class:      9.38 MB capacity,     9.29 MB ( 99%) used,    85.49 KB ( <1%) free+waste,    12.06 KB ( <1%) overhead. 
      Class:   1000.00 KB capacity,   949.47 KB ( 95%) used,    45.47 KB (  5%) free+waste,     5.06 KB ( <1%) overhead. 
       Both:     10.36 MB capacity,    10.21 MB ( 99%) used,   130.96 KB (  1%) free+waste,    17.13 KB ( <1%) overhead. 

Virtual space:
  Non-class space:       10.00 MB reserved,       9.50 MB ( 95%) committed 
      Class space:        1.00 GB reserved,       1.00 MB ( <1%) committed 
             Both:        1.01 GB reserved,      10.50 MB (  1%) committed 

Chunk freelists:
   Non-Class:  57.00 KB
       Class:  0 bytes
        Both:  57.00 KB

MaxMetaspaceSize: 17179869184.00 GB
CompressedClassSpaceSize: 1.00 GB

CodeHeap 'non-profiled nmethods': size=120000Kb used=129Kb max_used=135Kb free=119870Kb
 bounds [0x0000027f289b0000, 0x0000027f28c20000, 0x0000027f2fee0000]
CodeHeap 'profiled nmethods': size=120000Kb used=614Kb max_used=716Kb free=119385Kb
 bounds [0x0000027f21480000, 0x0000027f216f0000, 0x0000027f289b0000]
CodeHeap 'non-nmethods': size=5760Kb used=1241Kb max_used=1257Kb free=4518Kb
 bounds [0x0000027f20ee0000, 0x0000027f21150000, 0x0000027f21480000]
 total_blobs=843 nmethods=435 adapters=321
 compilation: enabled
              stopped_count=0, restarted_count=0
 full_count=0

Compilation events (20 events):
Event: 154.680 Thread 0x0000027f37844000  476       3       org.eclipse.jdt.launching.internal.org.objectweb.asm.SymbolTable::addConstantUtf8 (20 bytes)
Event: 154.681 Thread 0x0000027f37844000 nmethod 476 0x0000027f21531f10 code [0x0000027f215320e0, 0x0000027f21532448]
Event: 729.266 Thread 0x0000027f377c7800  477       4       java.lang.StringUTF16::compress (50 bytes)
Event: 729.278 Thread 0x0000027f377c7800 

Event: 729.278 Thread 0x0000027f377c7800  478       4       org.eclipse.jdt.launching.internal.org.objectweb.asm.ClassReader::getItem (7 bytes)
Event: 729.278 Thread 0x0000027f377c7800 nmethod 478 0x0000027f289d1b10 code [0x0000027f289d1cc0, 0x0000027f289d1dd8]
Event: 760.652 Thread 0x0000027f37844000  479       3       java.lang.StringUTF16::compress (59 bytes)
Event: 760.652 Thread 0x0000027f37844000 nmethod 479 0x0000027f21532610 code [0x0000027f215327e0, 0x0000027f21532b28]
Event: 774.732 Thread 0x0000027f377c7800  480       4       org.eclipse.jdt.launching.internal.org.objectweb.asm.ClassReader::readUtf (161 bytes)
Event: 774.732 Thread 0x0000027f37844000  482       3       org.eclipse.jdt.launching.internal.org.objectweb.asm.ByteVector::putShort (52 bytes)
Event: 774.733 Thread 0x0000027f37844000 nmethod 482 0x0000027f21532d10 code [0x0000027f21532ec0, 0x0000027f215330c8]
Event: 774.747 Thread 0x0000027f377c7800 

Event: 774.747 Thread 0x0000027f377c7800  481       4       java.lang.String::hashCode (60 bytes)
Event: 774.753 Thread 0x0000027f377c7800 nmethod 481 0x0000027f289ba090 code [0x0000027f289ba240, 0x0000027f289ba528]
Event: 830.798 Thread 0x0000027f37844000  483       1       java.security.ProtectionDomain::getCodeSource (5 bytes)
Event: 830.798 Thread 0x0000027f37844000 nmethod 483 0x0000027f289c2310 code [0x0000027f289c24a0, 0x0000027f289c2558]
Event: 830.798 Thread 0x0000027f37844000  484       3       org.eclipse.jdt.launching.internal.org.objectweb.asm.ClassReader::readClass (7 bytes)
Event: 830.798 Thread 0x0000027f37844000 nmethod 484 0x0000027f21488690 code [0x0000027f21488860, 0x0000027f21488cc8]
Event: 830.798 Thread 0x0000027f37844000  485       3       org.eclipse.jdt.launching.internal.org.objectweb.asm.ClassReader::readStringish (16 bytes)
Event: 830.802 Thread 0x0000027f37844000 


GC Heap History (0 events):
No events

Deoptimization events (20 events):
Event: 1.378 Thread 0x0000027f1d222000 DEOPT PACKING pc=0x0000027f215030e1 sp=0x0000008da9af8cc0
Event: 1.378 Thread 0x0000027f1d222000 DEOPT UNPACKING pc=0x0000027f20f2964e sp=0x0000008da9af8188 mode 0
Event: 1.378 Thread 0x0000027f1d222000 DEOPT PACKING pc=0x0000027f215030e1 sp=0x0000008da9af8cc0
Event: 1.378 Thread 0x0000027f1d222000 DEOPT UNPACKING pc=0x0000027f20f2964e sp=0x0000008da9af8188 mode 0
Event: 1.379 Thread 0x0000027f1d222000 DEOPT PACKING pc=0x0000027f215030e1 sp=0x0000008da9af8cc0
Event: 1.379 Thread 0x0000027f1d222000 DEOPT UNPACKING pc=0x0000027f20f2964e sp=0x0000008da9af8188 mode 0
Event: 1.379 Thread 0x0000027f1d222000 DEOPT PACKING pc=0x0000027f215030e1 sp=0x0000008da9af8cc0
Event: 1.379 Thread 0x0000027f1d222000 DEOPT UNPACKING pc=0x0000027f20f2964e sp=0x0000008da9af8188 mode 0
Event: 1.387 Thread 0x0000027f1d222000 DEOPT PACKING pc=0x0000027f215030e1 sp=0x0000008da9afc7a0
Event: 1.387 Thread 0x0000027f1d222000 DEOPT UNPACKING pc=0x0000027f20f2964e sp=0x0000008da9afbc68 mode 0
Event: 1.387 Thread 0x0000027f1d222000 DEOPT PACKING pc=0x0000027f215030e1 sp=0x0000008da9afc7a0
Event: 1.388 Thread 0x0000027f1d222000 DEOPT UNPACKING pc=0x0000027f20f2964e sp=0x0000008da9afbc68 mode 0
Event: 1.388 Thread 0x0000027f1d222000 DEOPT PACKING pc=0x0000027f215030e1 sp=0x0000008da9afc7a0
Event: 1.388 Thread 0x0000027f1d222000 DEOPT UNPACKING pc=0x0000027f20f2964e sp=0x0000008da9afbc68 mode 0
Event: 1.391 Thread 0x0000027f1d222000 DEOPT PACKING pc=0x0000027f215030e1 sp=0x0000008da9af8c40
Event: 1.391 Thread 0x0000027f1d222000 DEOPT UNPACKING pc=0x0000027f20f2964e sp=0x0000008da9af8108 mode 0
Event: 1.491 Thread 0x0000027f1d222000 Uncommon trap: trap_request=0xffffff45 fr.pc=0x0000027f289c24e4 relative=0x0000000000000044
Event: 1.491 Thread 0x0000027f1d222000 Uncommon trap: reason=unstable_if action=reinterpret pc=0x0000027f289c24e4 method=java.lang.CharacterData.of(I)Ljava/lang/CharacterData; @ 4 c2
Event: 1.491 Thread 0x0000027f1d222000 DEOPT PACKING pc=0x0000027f289c24e4 sp=0x0000008da9afebc0
Event: 1.491 Thread 0x0000027f1d222000 DEOPT UNPACKING pc=0x0000027f20f2912f sp=0x0000008da9afeb60 mode 2

Classes unloaded (0 events):
No events

Classes redefined (10 events):
Event: 18.189 Thread 0x0000027f37779800 redefined class name=Final.FinalExam02_01, count=1
Event: 102.622 Thread 0x0000027f37779800 redefined class name=Final.FinalExam02_01, count=2
Event: 120.924 Thread 0x0000027f37779800 redefined class name=Final.FinalExam02_01, count=3
Event: 154.682 Thread 0x0000027f37779800 redefined class name=Final.FinalExam02_01, count=4
Event: 327.377 Thread 0x0000027f37779800 redefined class name=Final.FinalExam02_01, count=5
Event: 669.837 Thread 0x0000027f37779800 redefined class name=Final.FinalExam02_01, count=6
Event: 729.274 Thread 0x0000027f37779800 redefined class name=Final.FinalExam02_01, count=7
Event: 760.656 Thread 0x0000027f37779800 redefined class name=Final.FinalExam02_01, count=8
Event: 774.734 Thread 0x0000027f37779800 redefined class name=Final.FinalExam02_01, count=9
Event: 830.800 Thread 0x0000027f37779800 redefined class name=Final.FinalExam02_01, count=10

Internal exceptions (5 events):
Event: 0.552 Thread 0x0000027f1d222000 Exception <a 'java/lang/NoSuchMethodError'{0x000000008921ea58}: 'int java.lang.invoke.DirectMethodHandle$Holder.invokeSpecial(java.lang.Object, java.lang.Object, java.lang.Object, java.lang.Object)'> (0x000000008921ea58) 
thrown [./open/src/hotspot/share/interpreter/linkResolver.cpp, line 766]
Event: 0.561 Thread 0x0000027f1d222000 Exception <a 'java/lang/NoSuchMethodError'{0x0000000089226b98}: 'void java.lang.invoke.DirectMethodHandle$Holder.invokeVirtual(java.lang.Object, java.lang.Object)'> (0x0000000089226b98) 
thrown [./open/src/hotspot/share/interpreter/linkResolver.cpp, line 766]
Event: 0.605 Thread 0x0000027f1d222000 Exception <a 'java/lang/NoSuchMethodError'{0x000000008925ca10}: 'void java.lang.invoke.DirectMethodHandle$Holder.invokeSpecial(java.lang.Object, java.lang.Object, java.lang.Object, java.lang.Object)'> (0x000000008925ca10) 
thrown [./open/src/hotspot/share/interpreter/linkResolver.cpp, line 766]
Event: 1.434 Thread 0x0000027f1d222000 Exception <a 'java/lang/NoSuchMethodError'{0x0000000088fe2998}: 'int java.lang.invoke.DirectMethodHandle$Holder.invokeSpecialIFC(java.lang.Object, java.lang.Object, int)'> (0x0000000088fe2998) 
thrown [./open/src/hotspot/share/interpreter/linkResolver.cpp, line 766]
Event: 1767.786 Thread 0x0000027f37ae9000 Exception <a 'java/lang/LinkageError'{0x0000000088d4d0a0}> (0x0000000088d4d0a0) 
thrown [./open/src/hotspot/share/oops/generateOopMap.cpp, line 2140]

Events (20 events):
Event: 1747.955 Executing VM operation: GetOwnedMonitorInfo
Event: 1747.955 Executing VM operation: GetOwnedMonitorInfo done
Event: 1749.780 Executing VM operation: GetFrameCount
Event: 1749.780 Executing VM operation: GetFrameCount done
Event: 1749.781 Executing VM operation: GetOwnedMonitorInfo
Event: 1749.781 Executing VM operation: GetOwnedMonitorInfo done
Event: 1749.781 Executing VM operation: GetCurrentContendedMonitor
Event: 1749.781 Executing VM operation: GetCurrentContendedMonitor done
Event: 1749.786 Executing VM operation: GetFrameCount
Event: 1749.786 Executing VM operation: GetFrameCount done
Event: 1749.786 Executing VM operation: GetOwnedMonitorInfo
Event: 1749.786 Executing VM operation: GetOwnedMonitorInfo done
Event: 1749.786 Executing VM operation: GetCurrentContendedMonitor
Event: 1749.786 Executing VM operation: GetCurrentContendedMonitor done
Event: 1757.357 Executing VM operation: GetFrameCount
Event: 1757.357 Executing VM operation: GetFrameCount done
Event: 1757.357 Executing VM operation: GetOwnedMonitorInfo
Event: 1757.357 Executing VM operation: GetOwnedMonitorInfo done
Event: 1757.358 Executing VM operation: GetCurrentContendedMonitor
Event: 1757.358 Executing VM operation: GetCurrentContendedMonitor done


Dynamic libraries:
0x00007ff7527c0000 - 0x00007ff7527cd000 	C:\Users\sehee\.p2\pool\plugins\org.eclipse.justj.openjdk.hotspot.jre.full.win32.x86_64_14.0.2.v20200815-0932\jre\bin\javaw.exe
0x00007ffd76ee0000 - 0x00007ffd770d0000 	C:\WINDOWS\SYSTEM32\ntdll.dll
0x00007ffd74f90000 - 0x00007ffd75042000 	C:\WINDOWS\System32\KERNEL32.DLL
0x00007ffd74100000 - 0x00007ffd743a5000 	C:\WINDOWS\System32\KERNELBASE.dll
0x00007ffd74c20000 - 0x00007ffd74d1a000 	C:\WINDOWS\System32\ucrtbase.dll
0x00007ffd6e780000 - 0x00007ffd6e798000 	C:\Users\sehee\.p2\pool\plugins\org.eclipse.justj.openjdk.hotspot.jre.full.win32.x86_64_14.0.2.v20200815-0932\jre\bin\jli.dll
0x00007ffd751d0000 - 0x00007ffd75364000 	C:\WINDOWS\System32\USER32.dll
0x00007ffd74b60000 - 0x00007ffd74b81000 	C:\WINDOWS\System32\win32u.dll
0x00007ffd759c0000 - 0x00007ffd759e6000 	C:\WINDOWS\System32\GDI32.dll
0x00007ffd74dc0000 - 0x00007ffd74f56000 	C:\WINDOWS\System32\gdi32full.dll
0x00007ffd74d20000 - 0x00007ffd74dbe000 	C:\WINDOWS\System32\msvcp_win.dll
0x00007ffd67090000 - 0x00007ffd670a5000 	C:\Users\sehee\.p2\pool\plugins\org.eclipse.justj.openjdk.hotspot.jre.full.win32.x86_64_14.0.2.v20200815-0932\jre\bin\VCRUNTIME140.dll
0x00007ffd60930000 - 0x00007ffd60bb4000 	C:\WINDOWS\WinSxS\amd64_microsoft.windows.common-controls_6595b64144ccf1df_6.0.18362.1256_none_9e7e379be45e40e2\COMCTL32.dll
0x00007ffd76d10000 - 0x00007ffd76dae000 	C:\WINDOWS\System32\msvcrt.dll
0x00007ffd75f80000 - 0x00007ffd762b6000 	C:\WINDOWS\System32\combase.dll
0x00007ffd759f0000 - 0x00007ffd75b10000 	C:\WINDOWS\System32\RPCRT4.dll
0x00007ffd74b90000 - 0x00007ffd74c11000 	C:\WINDOWS\System32\bcryptPrimitives.dll
0x00007ffd76a30000 - 0x00007ffd76a5e000 	C:\WINDOWS\System32\IMM32.DLL
0x00007ffd2fc40000 - 0x00007ffd2fcdb000 	C:\Users\sehee\.p2\pool\plugins\org.eclipse.justj.openjdk.hotspot.jre.full.win32.x86_64_14.0.2.v20200815-0932\jre\bin\msvcp140.dll
0x00007ffd2b2d0000 - 0x00007ffd2bdee000 	C:\Users\sehee\.p2\pool\plugins\org.eclipse.justj.openjdk.hotspot.jre.full.win32.x86_64_14.0.2.v20200815-0932\jre\bin\server\jvm.dll
0x00007ffd75120000 - 0x00007ffd751c3000 	C:\WINDOWS\System32\ADVAPI32.dll
0x00007ffd76a60000 - 0x00007ffd76af7000 	C:\WINDOWS\System32\sechost.dll
0x00007ffd762c0000 - 0x00007ffd762c8000 	C:\WINDOWS\System32\PSAPI.DLL
0x00007ffd5eeb0000 - 0x00007ffd5eed4000 	C:\WINDOWS\SYSTEM32\WINMM.dll
0x00007ffd686d0000 - 0x00007ffd686d9000 	C:\WINDOWS\SYSTEM32\WSOCK32.dll
0x00007ffd6dc70000 - 0x00007ffd6dc7a000 	C:\WINDOWS\SYSTEM32\VERSION.dll
0x00007ffd75860000 - 0x00007ffd758cf000 	C:\WINDOWS\System32\WS2_32.dll
0x00007ffd62120000 - 0x00007ffd6214d000 	C:\WINDOWS\SYSTEM32\winmmbase.dll
0x00007ffd740b0000 - 0x00007ffd740fa000 	C:\WINDOWS\System32\cfgmgr32.dll
0x00007ffd73e10000 - 0x00007ffd73e21000 	C:\WINDOWS\System32\kernel.appcore.dll
0x00007ffd6f3c0000 - 0x00007ffd6f3ca000 	C:\Users\sehee\.p2\pool\plugins\org.eclipse.justj.openjdk.hotspot.jre.full.win32.x86_64_14.0.2.v20200815-0932\jre\bin\jimage.dll
0x00007ffd6c370000 - 0x00007ffd6c564000 	C:\WINDOWS\SYSTEM32\DBGHELP.DLL
0x00007ffd6c250000 - 0x00007ffd6c27a000 	C:\WINDOWS\SYSTEM32\dbgcore.DLL
0x00007ffd6f4c0000 - 0x00007ffd6f4f8000 	C:\Users\sehee\.p2\pool\plugins\org.eclipse.justj.openjdk.hotspot.jre.full.win32.x86_64_14.0.2.v20200815-0932\jre\bin\jdwp.dll
0x00007ffd6b000000 - 0x00007ffd6b025000 	C:\Users\sehee\.p2\pool\plugins\org.eclipse.justj.openjdk.hotspot.jre.full.win32.x86_64_14.0.2.v20200815-0932\jre\bin\java.dll
0x00007ffd6f9d0000 - 0x00007ffd6f9de000 	C:\Users\sehee\.p2\pool\plugins\org.eclipse.justj.openjdk.hotspot.jre.full.win32.x86_64_14.0.2.v20200815-0932\jre\bin\instrument.dll
0x00007ffd6b870000 - 0x00007ffd6b886000 	C:\Users\sehee\.p2\pool\plugins\org.eclipse.justj.openjdk.hotspot.jre.full.win32.x86_64_14.0.2.v20200815-0932\jre\bin\zip.dll
0x00007ffd76340000 - 0x00007ffd76a27000 	C:\WINDOWS\System32\SHELL32.dll
0x00007ffd76c60000 - 0x00007ffd76d09000 	C:\WINDOWS\System32\shcore.dll
0x00007ffd743b0000 - 0x00007ffd74b31000 	C:\WINDOWS\System32\windows.storage.dll
0x00007ffd73d90000 - 0x00007ffd73db3000 	C:\WINDOWS\System32\profapi.dll
0x00007ffd73dc0000 - 0x00007ffd73e0a000 	C:\WINDOWS\System32\powrprof.dll
0x00007ffd73d80000 - 0x00007ffd73d90000 	C:\WINDOWS\System32\UMPDC.dll
0x00007ffd75440000 - 0x00007ffd75492000 	C:\WINDOWS\System32\shlwapi.dll
0x00007ffd74b40000 - 0x00007ffd74b57000 	C:\WINDOWS\System32\cryptsp.dll
0x00007ffd6afe0000 - 0x00007ffd6aff9000 	C:\Users\sehee\.p2\pool\plugins\org.eclipse.justj.openjdk.hotspot.jre.full.win32.x86_64_14.0.2.v20200815-0932\jre\bin\net.dll
0x00007ffd6bdd0000 - 0x00007ffd6bec0000 	C:\WINDOWS\SYSTEM32\WINHTTP.dll
0x00007ffd735d0000 - 0x00007ffd73637000 	C:\WINDOWS\system32\mswsock.dll
0x00007ffd6ae30000 - 0x00007ffd6ae42000 	C:\Users\sehee\.p2\pool\plugins\org.eclipse.justj.openjdk.hotspot.jre.full.win32.x86_64_14.0.2.v20200815-0932\jre\bin\nio.dll
0x00007ffd6f600000 - 0x00007ffd6f60b000 	C:\Users\sehee\.p2\pool\plugins\org.eclipse.justj.openjdk.hotspot.jre.full.win32.x86_64_14.0.2.v20200815-0932\jre\bin\dt_socket.dll
0x00007ffd732e0000 - 0x00007ffd7331a000 	C:\WINDOWS\SYSTEM32\IPHLPAPI.DLL
0x00007ffd73320000 - 0x00007ffd733eb000 	C:\WINDOWS\SYSTEM32\DNSAPI.dll
0x00007ffd759b0000 - 0x00007ffd759b8000 	C:\WINDOWS\System32\NSI.dll
0x00007ffd6df70000 - 0x00007ffd6df7a000 	C:\Windows\System32\rasadhlp.dll
0x00007ffd6bb90000 - 0x00007ffd6bc07000 	C:\WINDOWS\System32\fwpuclnt.dll
0x00007ffd74f60000 - 0x00007ffd74f86000 	C:\WINDOWS\System32\bcrypt.dll
0x00007ffd6f2b0000 - 0x00007ffd6f2c0000 	C:\Users\sehee\.p2\pool\plugins\org.eclipse.justj.openjdk.hotspot.jre.full.win32.x86_64_14.0.2.v20200815-0932\jre\bin\verify.dll

dbghelp: loaded successfully - version: 4.0.5 - missing functions: none
symbol engine: initialized successfully - sym options: 0x614 - pdb path: .;C:\Users\sehee\.p2\pool\plugins\org.eclipse.justj.openjdk.hotspot.jre.full.win32.x86_64_14.0.2.v20200815-0932\jre\bin;C:\WINDOWS\SYSTEM32;C:\WINDOWS\WinSxS\amd64_microsoft.windows.common-controls_6595b64144ccf1df_6.0.18362.1256_none_9e7e379be45e40e2;C:\Users\sehee\.p2\pool\plugins\org.eclipse.justj.openjdk.hotspot.jre.full.win32.x86_64_14.0.2.v20200815-0932\jre\bin\server

VM Arguments:
jvm_args: -XX:+ShowCodeDetailsInExceptionMessages -agentlib:jdwp=transport=dt_socket,suspend=y,address=localhost:57429 -javaagent:C:\Users\sehee\eclipse\java-2020-09\eclipse\configuration\org.eclipse.osgi\215\0\.cp\lib\javaagent-shaded.jar -Dfile.encoding=Cp1252 --module-path=D:\SEHEE\003_공부\004_Ensign\CS 105\Workspace\Final\bin -Djdk.module.main=Final 
java_command: Final/Final.FinalExam02_01
java_class_path (initial): <not set>
Launcher Type: SUN_STANDARD

[Global flags]
     intx CICompilerCount                          = 3                                         {product} {ergonomic}
     uint ConcGCThreads                            = 1                                         {product} {ergonomic}
     uint G1ConcRefinementThreads                  = 4                                         {product} {ergonomic}
   size_t G1HeapRegionSize                         = 1048576                                   {product} {ergonomic}
    uintx GCDrainStackTargetSize                   = 64                                        {product} {ergonomic}
   size_t InitialHeapSize                          = 134217728                                 {product} {ergonomic}
   size_t MarkStackSize                            = 4194304                                   {product} {ergonomic}
   size_t MaxHeapSize                              = 2126512128                                {product} {ergonomic}
   size_t MaxNewSize                               = 1275068416                                {product} {ergonomic}
   size_t MinHeapDeltaBytes                        = 1048576                                   {product} {ergonomic}
   size_t MinHeapSize                              = 8388608                                   {product} {ergonomic}
    uintx NonNMethodCodeHeapSize                   = 5832780                                {pd product} {ergonomic}
    uintx NonProfiledCodeHeapSize                  = 122912730                              {pd product} {ergonomic}
    uintx ProfiledCodeHeapSize                     = 122912730                              {pd product} {ergonomic}
    uintx ReservedCodeCacheSize                    = 251658240                              {pd product} {ergonomic}
     bool SegmentedCodeCache                       = true                                      {product} {ergonomic}
     bool ShowCodeDetailsInExceptionMessages       = true                                   {manageable} {command line}
   size_t SoftMaxHeapSize                          = 2126512128                             {manageable} {ergonomic}
     bool UseCompressedClassPointers               = true                                 {lp64_product} {ergonomic}
     bool UseCompressedOops                        = true                                 {lp64_product} {ergonomic}
     bool UseG1GC                                  = true                                      {product} {ergonomic}
     bool UseLargePagesIndividualAllocation        = false                                  {pd product} {ergonomic}

Logging:
Log output configuration:
 #0: stdout all=warning uptime,level,tags
 #1: stderr all=off uptime,level,tags

Environment Variables:
JAVA_HOME=C:\Program Files\Java\jdk1.8.0_251
PATH=C:\Users\sehee\.p2\pool\plugins\org.eclipse.justj.openjdk.hotspot.jre.full.win32.x86_64_14.0.2.v20200815-0932\jre\bin;C:/Users/sehee/.p2/pool/plugins/org.eclipse.justj.openjdk.hotspot.jre.full.win32.x86_64_14.0.2.v20200815-0932/jre/bin/server;C:/Users/sehee/.p2/pool/plugins/org.eclipse.justj.openjdk.hotspot.jre.full.win32.x86_64_14.0.2.v20200815-0932/jre/bin;C:\Program Files (x86)\VMware\VMware Workstation\bin\;C:\Windows\system32;C:\Windows;C:\Windows\System32\Wbem;C:\Windows\System32\WindowsPowerShell\v1.0\;C:\Program Files (x86)\NVIDIA Corporation\PhysX\Common;C:\WINDOWS\system32;C:\WINDOWS;C:\WINDOWS\System32\Wbem;C:\WINDOWS\System32\WindowsPowerShell\v1.0\;C:\WINDOWS\System32\OpenSSH\;C:\Program Files\NVIDIA Corporation\NVIDIA NvDLISR;C:\Program Files\Java\jdk1.8.0_251\bin;C:\Program Files\Microsoft SQL Server\Client SDK\ODBC\170\Tools\Binn\;C:\Program Files (x86)\Microsoft SQL Server\150\Tools\Binn\;C:\Program Files\Microsoft SQL Server\150\Tools\Binn\;C:\Program Files\Microsoft SQL Server\150\DTS\Binn\;C:\Program Files (x86)\Microsoft SQL Server\150\DTS\Binn\;C:\WINDOWS\system32;C:\WINDOWS;C:\WINDOWS\System32\Wbem;C:\WINDOWS\System32\WindowsPowerShell\v1.0\;C:\WINDOWS\System32\OpenSSH\;C:\Users\sehee\AppData\Local\Microsoft\WindowsApps;C:\Users\sehee\AppData\Local\atom\bin;%USERPROFILE%\AppData\Local\Microsoft\WindowsApps;;C:\Users\sehee\eclipse\java-2020-09\eclipse;
USERNAME=sehee
OS=Windows_NT
PROCESSOR_IDENTIFIER=Intel64 Family 6 Model 142 Stepping 9, GenuineIntel



---------------  S Y S T E M  ---------------

OS: Windows 10 , 64 bit Build 18362 (10.0.18362.1110)
OS uptime: 1 days 18:14 hours

CPU:total 4 (initial active 4) (2 cores per cpu, 2 threads per core) family 6 model 142 stepping 9, cmov, cx8, fxsr, mmx, sse, sse2, sse3, ssse3, sse4.1, sse4.2, popcnt, avx, avx2, aes, clmul, erms, 3dnowpref, lzcnt, ht, tsc, tscinvbit, bmi1, bmi2, adx, fma

Memory: 4k page, system-wide physical 8104M (1411M free)
TotalPageFile size 16828M (AvailPageFile size 1724M)
current process WorkingSet (physical memory assigned to process): 42M, peak: 49M
current process commit charge ("private bytes"): 203M, peak: 205M

vm_info: OpenJDK 64-Bit Server VM (14.0.2+12-46) for windows-amd64 JRE (14.0.2+12-46), built on Jul  9 2020 00:31:16 by "mach5one" with MS VC++ 15.9 (VS2017)

END.
